[ 2015-09-18T09:32:06+08:00 ] 127.0.0.1 /tp23/Book/Admin/books/add
INFO: [ app_init ] --START--
INFO: Run Behavior\BuildLiteBehavior [ RunTime:0.000017s ]
INFO: [ app_init ] --END-- [ RunTime:0.000878s ]
ERR: 无法加载模块:Book

[ 2015-09-18T09:32:15+08:00 ] 127.0.0.1 /tp23/Book/Admin/Books/add
INFO: [ app_init ] --START--
INFO: Run Behavior\BuildLiteBehavior [ RunTime:0.000020s ]
INFO: [ app_init ] --END-- [ RunTime:0.000791s ]
ERR: 无法加载模块:Book

[ 2015-09-18T10:29:36+08:00 ] 127.0.0.1 /tp23/Book/Admin/books/add
INFO: [ app_init ] --START--
INFO: Run Behavior\BuildLiteBehavior [ RunTime:0.000017s ]
INFO: [ app_init ] --END-- [ RunTime:0.000634s ]
ERR: 无法加载模块:Book

[ 2015-09-18T10:29:37+08:00 ] 127.0.0.1 /tp23/Book/Admin/books/add
INFO: [ app_init ] --START--
INFO: Run Behavior\BuildLiteBehavior [ RunTime:0.000019s ]
INFO: [ app_init ] --END-- [ RunTime:0.000826s ]
ERR: 无法加载模块:Book

[ 2015-09-18T10:29:37+08:00 ] 127.0.0.1 /tp23/Book/Admin/books/add
INFO: [ app_init ] --START--
INFO: Run Behavior\BuildLiteBehavior [ RunTime:0.000015s ]
INFO: [ app_init ] --END-- [ RunTime:0.000673s ]
ERR: 无法加载模块:Book

[ 2015-09-18T11:03:22+08:00 ] 127.0.0.1 /tp23/index.php/Public/Uploads/1442545189.jpg
INFO: [ app_init ] --START--
INFO: Run Behavior\BuildLiteBehavior [ RunTime:0.000012s ]
INFO: [ app_init ] --END-- [ RunTime:0.000395s ]
ERR: 无法加载模块:Public

[ 2015-09-18T11:03:22+08:00 ] 127.0.0.1 /tp23/index.php/Public/Uploads/1442545358.jpg
INFO: [ app_init ] --START--
INFO: Run Behavior\BuildLiteBehavior [ RunTime:0.000014s ]
INFO: [ app_init ] --END-- [ RunTime:0.000420s ]
ERR: 无法加载模块:Public

[ 2015-09-18T11:05:53+08:00 ] 127.0.0.1 /tp23/index.php/Public/Uploads/1442545189.jpg
INFO: [ app_init ] --START--
INFO: Run Behavior\BuildLiteBehavior [ RunTime:0.000015s ]
INFO: [ app_init ] --END-- [ RunTime:0.007600s ]
ERR: 无法加载模块:Public

[ 2015-09-18T11:05:53+08:00 ] 127.0.0.1 /tp23/index.php/Public/Uploads/1442545358.jpg
INFO: [ app_init ] --START--
INFO: Run Behavior\BuildLiteBehavior [ RunTime:0.000011s ]
INFO: [ app_init ] --END-- [ RunTime:0.000315s ]
ERR: 无法加载模块:Public

[ 2015-09-18T11:25:43+08:00 ] 127.0.0.1 /tp23/Public/Uploads/1442545189.jpg
INFO: [ app_init ] --START--
INFO: Run Behavior\BuildLiteBehavior [ RunTime:0.000014s ]
INFO: [ app_init ] --END-- [ RunTime:0.000416s ]
ERR: 无法加载模块:Public

[ 2015-09-18T15:03:26+08:00 ] 127.0.0.1 /tp23/Public/Uploads/1442546575.jpg
INFO: [ app_init ] --START--
INFO: Run Behavior\BuildLiteBehavior [ RunTime:0.000020s ]
INFO: [ app_init ] --END-- [ RunTime:0.000633s ]
ERR: 无法加载模块:Public

[ 2015-09-18T15:03:26+08:00 ] 127.0.0.1 /tp23/Public/Uploads/1442547965.jpg
INFO: [ app_init ] --START--
INFO: Run Behavior\BuildLiteBehavior [ RunTime:0.000018s ]
INFO: [ app_init ] --END-- [ RunTime:0.000686s ]
ERR: 无法加载模块:Public

[ 2015-09-18T15:03:26+08:00 ] 127.0.0.1 /tp23/Public/Uploads/1442549332.jpg
INFO: [ app_init ] --START--
INFO: Run Behavior\BuildLiteBehavior [ RunTime:0.000019s ]
INFO: [ app_init ] --END-- [ RunTime:0.000612s ]
ERR: 无法加载模块:Public

[ 2015-09-18T15:03:26+08:00 ] 127.0.0.1 /tp23/Public/Uploads/1442548475.jpg
INFO: [ app_init ] --START--
INFO: Run Behavior\BuildLiteBehavior [ RunTime:0.000050s ]
INFO: [ app_init ] --END-- [ RunTime:0.000950s ]
ERR: 无法加载模块:Public

[ 2015-09-18T15:48:22+08:00 ] 127.0.0.1 /tp23/index.pho/Admin/Books/add
INFO: [ app_init ] --START--
INFO: Run Behavior\BuildLiteBehavior [ RunTime:0.000021s ]
INFO: [ app_init ] --END-- [ RunTime:0.000615s ]
ERR: 无法加载模块:Index.pho

[ 2015-09-18T16:30:19+08:00 ] 127.0.0.1 /tp23/Public/Uploads/1442546575.jpg
INFO: [ app_init ] --START--
INFO: Run Behavior\BuildLiteBehavior [ RunTime:0.000026s ]
INFO: [ app_init ] --END-- [ RunTime:0.001257s ]
ERR: 无法加载模块:Public

[ 2015-09-18T16:30:19+08:00 ] 127.0.0.1 /tp23/Public/Uploads/1442547965.jpg
INFO: [ app_init ] --START--
INFO: Run Behavior\BuildLiteBehavior [ RunTime:0.000069s ]
INFO: [ app_init ] --END-- [ RunTime:0.001141s ]
ERR: 无法加载模块:Public

[ 2015-09-18T16:30:19+08:00 ] 127.0.0.1 /tp23/Public/Uploads/1442548475.jpg
INFO: [ app_init ] --START--
INFO: Run Behavior\BuildLiteBehavior [ RunTime:0.000024s ]
INFO: [ app_init ] --END-- [ RunTime:0.000659s ]
ERR: 无法加载模块:Public

[ 2015-09-18T16:30:19+08:00 ] 127.0.0.1 /tp23/Public/Uploads/1442549332.jpg
INFO: [ app_init ] --START--
INFO: Run Behavior\BuildLiteBehavior [ RunTime:0.000030s ]
INFO: [ app_init ] --END-- [ RunTime:0.001013s ]
ERR: 无法加载模块:Public

[ 2015-09-18T16:30:19+08:00 ] 127.0.0.1 /tp23/Public/Uploads/55fbcb1118c82.png
INFO: [ app_init ] --START--
INFO: Run Behavior\BuildLiteBehavior [ RunTime:0.000019s ]
INFO: [ app_init ] --END-- [ RunTime:0.000598s ]
ERR: 无法加载模块:Public

[ 2015-09-18T16:30:50+08:00 ] 127.0.0.1 /tp23/Public/Uploads/1442546575.jpg
INFO: [ app_init ] --START--
INFO: Run Behavior\BuildLiteBehavior [ RunTime:0.000032s ]
INFO: [ app_init ] --END-- [ RunTime:0.001066s ]
ERR: 无法加载模块:Public

[ 2015-09-18T16:30:50+08:00 ] 127.0.0.1 /tp23/Public/Uploads/1442547965.jpg
INFO: [ app_init ] --START--
INFO: Run Behavior\BuildLiteBehavior [ RunTime:0.000023s ]
INFO: [ app_init ] --END-- [ RunTime:0.000664s ]
ERR: 无法加载模块:Public

[ 2015-09-18T16:30:50+08:00 ] 127.0.0.1 /tp23/Public/Uploads/55fbcb1118c82.png
INFO: [ app_init ] --START--
INFO: Run Behavior\BuildLiteBehavior [ RunTime:0.000023s ]
INFO: [ app_init ] --END-- [ RunTime:0.000666s ]
ERR: 无法加载模块:Public

[ 2015-09-18T16:30:50+08:00 ] 127.0.0.1 /tp23/Public/Uploads/1442549332.jpg
INFO: [ app_init ] --START--
INFO: Run Behavior\BuildLiteBehavior [ RunTime:0.000021s ]
INFO: [ app_init ] --END-- [ RunTime:0.000635s ]
ERR: 无法加载模块:Public

[ 2015-09-18T16:30:50+08:00 ] 127.0.0.1 /tp23/Public/Uploads/1442548475.jpg
INFO: [ app_init ] --START--
INFO: Run Behavior\BuildLiteBehavior [ RunTime:0.000019s ]
INFO: [ app_init ] --END-- [ RunTime:0.000685s ]
ERR: 无法加载模块:Public

[ 2015-09-18T16:30:53+08:00 ] 127.0.0.1 /tp23/Public/Uploads/1442546575.jpg
INFO: [ app_init ] --START--
INFO: Run Behavior\BuildLiteBehavior [ RunTime:0.000016s ]
INFO: [ app_init ] --END-- [ RunTime:0.001202s ]
ERR: 无法加载模块:Public

[ 2015-09-18T16:30:53+08:00 ] 127.0.0.1 /tp23/Public/Uploads/1442547965.jpg
INFO: [ app_init ] --START--
INFO: Run Behavior\BuildLiteBehavior [ RunTime:0.000018s ]
INFO: [ app_init ] --END-- [ RunTime:0.000570s ]
ERR: 无法加载模块:Public

[ 2015-09-18T16:30:53+08:00 ] 127.0.0.1 /tp23/Public/Uploads/55fbcb1118c82.png
INFO: [ app_init ] --START--
INFO: Run Behavior\BuildLiteBehavior [ RunTime:0.000021s ]
INFO: [ app_init ] --END-- [ RunTime:0.000663s ]
ERR: 无法加载模块:Public

[ 2015-09-18T16:30:53+08:00 ] 127.0.0.1 /tp23/Public/Uploads/1442548475.jpg
INFO: [ app_init ] --START--
INFO: Run Behavior\BuildLiteBehavior [ RunTime:0.000024s ]
INFO: [ app_init ] --END-- [ RunTime:0.000573s ]
ERR: 无法加载模块:Public

[ 2015-09-18T16:30:53+08:00 ] 127.0.0.1 /tp23/Public/Uploads/1442549332.jpg
INFO: [ app_init ] --START--
INFO: Run Behavior\BuildLiteBehavior [ RunTime:0.000020s ]
INFO: [ app_init ] --END-- [ RunTime:0.000565s ]
ERR: 无法加载模块:Public

[ 2015-09-18T16:30:56+08:00 ] 127.0.0.1 /tp23/Public/Uploads/1442546575.jpg
INFO: [ app_init ] --START--
INFO: Run Behavior\BuildLiteBehavior [ RunTime:0.000020s ]
INFO: [ app_init ] --END-- [ RunTime:0.000671s ]
ERR: 无法加载模块:Public

[ 2015-09-18T16:30:56+08:00 ] 127.0.0.1 /tp23/Public/Uploads/1442547965.jpg
INFO: [ app_init ] --START--
INFO: Run Behavior\BuildLiteBehavior [ RunTime:0.000019s ]
INFO: [ app_init ] --END-- [ RunTime:0.000685s ]
ERR: 无法加载模块:Public

[ 2015-09-18T16:30:56+08:00 ] 127.0.0.1 /tp23/Public/Uploads/1442548475.jpg
INFO: [ app_init ] --START--
INFO: Run Behavior\BuildLiteBehavior [ RunTime:0.000083s ]
INFO: [ app_init ] --END-- [ RunTime:0.002271s ]
ERR: 无法加载模块:Public

[ 2015-09-18T16:30:56+08:00 ] 127.0.0.1 /tp23/Public/Uploads/1442549332.jpg
INFO: [ app_init ] --START--
INFO: Run Behavior\BuildLiteBehavior [ RunTime:0.000018s ]
INFO: [ app_init ] --END-- [ RunTime:0.000554s ]
ERR: 无法加载模块:Public

[ 2015-09-18T16:30:56+08:00 ] 127.0.0.1 /tp23/Public/Uploads/55fbcb1118c82.png
INFO: [ app_init ] --START--
INFO: Run Behavior\BuildLiteBehavior [ RunTime:0.000018s ]
INFO: [ app_init ] --END-- [ RunTime:0.000591s ]
ERR: 无法加载模块:Public

[ 2015-09-18T17:15:20+08:00 ] 127.0.0.1 /tp23/index.php/Public/Uploads/55fbd1bd19f06.jpg
INFO: [ app_init ] --START--
INFO: Run Behavior\BuildLiteBehavior [ RunTime:0.000018s ]
INFO: [ app_init ] --END-- [ RunTime:0.000610s ]
ERR: 无法加载模块:Public

[ 2015-09-18T17:15:20+08:00 ] 127.0.0.1 /tp23/index.php/Public/Uploads/55fbd1e05bef4.jpg
INFO: [ app_init ] --START--
INFO: Run Behavior\BuildLiteBehavior [ RunTime:0.000030s ]
INFO: [ app_init ] --END-- [ RunTime:0.000679s ]
ERR: 无法加载模块:Public

[ 2015-09-18T17:15:20+08:00 ] 127.0.0.1 /tp23/index.php/Public/Uploads/55fbd29aee4a7.jpg
INFO: [ app_init ] --START--
INFO: Run Behavior\BuildLiteBehavior [ RunTime:0.000021s ]
INFO: [ app_init ] --END-- [ RunTime:0.000611s ]
ERR: 无法加载模块:Public

[ 2015-09-18T17:15:20+08:00 ] 127.0.0.1 /tp23/index.php/Public/Uploads/55fbd2c0e4977.jpg
INFO: [ app_init ] --START--
INFO: Run Behavior\BuildLiteBehavior [ RunTime:0.000019s ]
INFO: [ app_init ] --END-- [ RunTime:0.000610s ]
ERR: 无法加载模块:Public

[ 2015-09-18T17:15:20+08:00 ] 127.0.0.1 /tp23/index.php/Public/Uploads/55fbd2b255d23.jpg
INFO: [ app_init ] --START--
INFO: Run Behavior\BuildLiteBehavior [ RunTime:0.000021s ]
INFO: [ app_init ] --END-- [ RunTime:0.000758s ]
ERR: 无法加载模块:Public

[ 2015-09-18T17:15:30+08:00 ] 127.0.0.1 /tp23/index.php/Public/Uploads/55fbd2d009fad.jpg
INFO: [ app_init ] --START--
INFO: Run Behavior\BuildLiteBehavior [ RunTime:0.000215s ]
INFO: [ app_init ] --END-- [ RunTime:0.000857s ]
ERR: 无法加载模块:Public

[ 2015-09-18T17:15:30+08:00 ] 127.0.0.1 /tp23/index.php/Public/Uploads/55fbd55fdc80a.jpg
INFO: [ app_init ] --START--
INFO: Run Behavior\BuildLiteBehavior [ RunTime:0.000034s ]
INFO: [ app_init ] --END-- [ RunTime:0.000958s ]
ERR: 无法加载模块:Public

[ 2015-09-18T17:15:32+08:00 ] 127.0.0.1 /tp23/index.php/Public/Uploads/55fbd29aee4a7.jpg
INFO: [ app_init ] --START--
INFO: Run Behavior\BuildLiteBehavior [ RunTime:0.000013s ]
INFO: [ app_init ] --END-- [ RunTime:0.000412s ]
ERR: 无法加载模块:Public

[ 2015-09-18T17:15:32+08:00 ] 127.0.0.1 /tp23/index.php/Public/Uploads/55fbd1bd19f06.jpg
INFO: [ app_init ] --START--
INFO: Run Behavior\BuildLiteBehavior [ RunTime:0.000034s ]
INFO: [ app_init ] --END-- [ RunTime:0.000477s ]
ERR: 无法加载模块:Public

[ 2015-09-18T17:15:32+08:00 ] 127.0.0.1 /tp23/index.php/Public/Uploads/55fbd1e05bef4.jpg
INFO: [ app_init ] --START--
INFO: Run Behavior\BuildLiteBehavior [ RunTime:0.000020s ]
INFO: [ app_init ] --END-- [ RunTime:0.000868s ]
ERR: 无法加载模块:Public

[ 2015-09-18T17:15:32+08:00 ] 127.0.0.1 /tp23/index.php/Public/Uploads/55fbd2b255d23.jpg
INFO: [ app_init ] --START--
INFO: Run Behavior\BuildLiteBehavior [ RunTime:0.000019s ]
INFO: [ app_init ] --END-- [ RunTime:0.000610s ]
ERR: 无法加载模块:Public

[ 2015-09-18T17:15:32+08:00 ] 127.0.0.1 /tp23/index.php/Public/Uploads/55fbd2c0e4977.jpg
INFO: [ app_init ] --START--
INFO: Run Behavior\BuildLiteBehavior [ RunTime:0.000019s ]
INFO: [ app_init ] --END-- [ RunTime:0.000563s ]
ERR: 无法加载模块:Public

