[ 2016-04-07T14:03:01+08:00 ] 127.0.0.1 /tp32/Public/Uploads/55fca83256d7f.jpg
INFO: [ app_init ] --START--
INFO: Run Behavior\BuildLiteBehavior [ RunTime:0.000011s ]
INFO: [ app_init ] --END-- [ RunTime:0.000333s ]
ERR: 无法加载模块:Public

[ 2016-04-07T14:03:01+08:00 ] 127.0.0.1 /tp32/Public/Uploads/55fbd29aee4a7.jpg
INFO: [ app_init ] --START--
INFO: Run Behavior\BuildLiteBehavior [ RunTime:0.000011s ]
INFO: [ app_init ] --END-- [ RunTime:0.000362s ]
ERR: 无法加载模块:Public

[ 2016-04-07T14:03:01+08:00 ] 127.0.0.1 /tp32/Public/Uploads/55fbd1e05bef4.jpg
INFO: [ app_init ] --START--
INFO: Run Behavior\BuildLiteBehavior [ RunTime:0.000017s ]
INFO: [ app_init ] --END-- [ RunTime:0.000511s ]
ERR: 无法加载模块:Public

[ 2016-04-07T14:03:01+08:00 ] 127.0.0.1 /tp32/Public/Uploads/55fbd2b255d23.jpg
INFO: [ app_init ] --START--
INFO: Run Behavior\BuildLiteBehavior [ RunTime:0.000016s ]
INFO: [ app_init ] --END-- [ RunTime:0.000442s ]
ERR: 无法加载模块:Public

[ 2016-04-07T14:03:01+08:00 ] 127.0.0.1 /tp32/Public/Uploads/55fbd2c0e4977.jpg
INFO: [ app_init ] --START--
INFO: Run Behavior\BuildLiteBehavior [ RunTime:0.000012s ]
INFO: [ app_init ] --END-- [ RunTime:0.000387s ]
ERR: 无法加载模块:Public

[ 2016-04-07T14:03:05+08:00 ] 127.0.0.1 /tp32/Public/Uploads/55fbd2d009fad.jpg
INFO: [ app_init ] --START--
INFO: Run Behavior\BuildLiteBehavior [ RunTime:0.000022s ]
INFO: [ app_init ] --END-- [ RunTime:0.000713s ]
ERR: 无法加载模块:Public

[ 2016-04-07T14:03:07+08:00 ] 127.0.0.1 /tp32/Public/Uploads/55fca83256d7f.jpg
INFO: [ app_init ] --START--
INFO: Run Behavior\BuildLiteBehavior [ RunTime:0.000011s ]
INFO: [ app_init ] --END-- [ RunTime:0.000322s ]
ERR: 无法加载模块:Public

[ 2016-04-07T14:03:07+08:00 ] 127.0.0.1 /tp32/Public/Uploads/55fbd29aee4a7.jpg
INFO: [ app_init ] --START--
INFO: Run Behavior\BuildLiteBehavior [ RunTime:0.000012s ]
INFO: [ app_init ] --END-- [ RunTime:0.000354s ]
ERR: 无法加载模块:Public

[ 2016-04-07T14:03:07+08:00 ] 127.0.0.1 /tp32/Public/Uploads/55fbd2b255d23.jpg
INFO: [ app_init ] --START--
INFO: Run Behavior\BuildLiteBehavior [ RunTime:0.000014s ]
INFO: [ app_init ] --END-- [ RunTime:0.013928s ]
ERR: 无法加载模块:Public

[ 2016-04-07T14:03:07+08:00 ] 127.0.0.1 /tp32/Public/Uploads/55fbd1e05bef4.jpg
INFO: [ app_init ] --START--
INFO: Run Behavior\BuildLiteBehavior [ RunTime:0.000038s ]
INFO: [ app_init ] --END-- [ RunTime:0.001894s ]
ERR: 无法加载模块:Public

[ 2016-04-07T14:03:07+08:00 ] 127.0.0.1 /tp32/Public/Uploads/55fbd2c0e4977.jpg
INFO: [ app_init ] --START--
INFO: Run Behavior\BuildLiteBehavior [ RunTime:0.000013s ]
INFO: [ app_init ] --END-- [ RunTime:0.000746s ]
ERR: 无法加载模块:Public

[ 2016-04-07T14:03:14+08:00 ] 127.0.0.1 /tp32/Public/Uploads/55fca83256d7f.jpg
INFO: [ app_init ] --START--
INFO: Run Behavior\BuildLiteBehavior [ RunTime:0.000015s ]
INFO: [ app_init ] --END-- [ RunTime:0.001265s ]
ERR: 无法加载模块:Public

[ 2016-04-07T14:03:14+08:00 ] 127.0.0.1 /tp32/Public/Uploads/55fbd29aee4a7.jpg
INFO: [ app_init ] --START--
INFO: Run Behavior\BuildLiteBehavior [ RunTime:0.000015s ]
INFO: [ app_init ] --END-- [ RunTime:0.000460s ]
ERR: 无法加载模块:Public

[ 2016-04-07T14:03:14+08:00 ] 127.0.0.1 /tp32/Public/Uploads/55fbd2d009fad.jpg
INFO: [ app_init ] --START--
INFO: Run Behavior\BuildLiteBehavior [ RunTime:0.000060s ]
INFO: [ app_init ] --END-- [ RunTime:0.000709s ]
ERR: 无法加载模块:Public

[ 2016-04-07T14:03:14+08:00 ] 127.0.0.1 /tp32/Public/Uploads/55fbd1e05bef4.jpg
INFO: [ app_init ] --START--
INFO: Run Behavior\BuildLiteBehavior [ RunTime:0.000019s ]
INFO: [ app_init ] --END-- [ RunTime:0.001165s ]
ERR: 无法加载模块:Public

[ 2016-04-07T14:03:14+08:00 ] 127.0.0.1 /tp32/Public/Uploads/55fbd2c0e4977.jpg
INFO: [ app_init ] --START--
INFO: Run Behavior\BuildLiteBehavior [ RunTime:0.000017s ]
INFO: [ app_init ] --END-- [ RunTime:0.000476s ]
ERR: 无法加载模块:Public

