[ 2015-09-30T09:19:46+08:00 ] 127.0.0.1 /tp32/Admin/Books/list1
INFO: [ app_init ] --START--
INFO: Run Behavior\BuildLiteBehavior [ RunTime:0.000041s ]
INFO: [ app_init ] --END-- [ RunTime:0.018110s ]
INFO: [ app_begin ] --START--
INFO: Run Behavior\ReadHtmlCacheBehavior [ RunTime:0.021391s ]
INFO: [ app_begin ] --END-- [ RunTime:0.021576s ]
SQL: SHOW COLUMNS FROM `books` [ RunTime:0.0488s ]
SQL: SELECT COUNT(*) AS tp_count FROM `books` WHERE ( status=1 ) LIMIT 1   [ RunTime:0.0012s ]
SQL: SELECT * FROM `books` a left join  type b on a.c_id=b.c_id  WHERE ( status=1 ) LIMIT 0,5   [ RunTime:0.0161s ]
INFO: [ view_parse ] --START--
INFO: [ template_filter ] --START--
INFO: Run Behavior\ContentReplaceBehavior [ RunTime:0.000146s ]
INFO: [ template_filter ] --END-- [ RunTime:0.000345s ]
INFO: Run Behavior\ParseTemplateBehavior [ RunTime:0.153023s ]
INFO: [ view_parse ] --END-- [ RunTime:0.153390s ]
INFO: [ view_filter ] --START--
INFO: Run Behavior\WriteHtmlCacheBehavior [ RunTime:0.023378s ]
INFO: [ view_filter ] --END-- [ RunTime:0.023511s ]
INFO: [ app_end ] --START--
INFO: Run Behavior\ShowPageTraceBehavior [ RunTime:0.028611s ]
INFO: [ app_end ] --END-- [ RunTime:0.028747s ]

[ 2015-09-30T09:20:14+08:00 ] 127.0.0.1 /tp32/Admin/News/list1
INFO: [ app_init ] --START--
INFO: Run Behavior\BuildLiteBehavior [ RunTime:0.000020s ]
INFO: [ app_init ] --END-- [ RunTime:0.000734s ]
INFO: [ app_begin ] --START--
INFO: Run Behavior\ReadHtmlCacheBehavior [ RunTime:0.001854s ]
INFO: [ app_begin ] --END-- [ RunTime:0.001955s ]
SQL: SHOW COLUMNS FROM `news` [ RunTime:0.0053s ]
SQL: SELECT COUNT(*) AS tp_count FROM `news` a left join type b on a.c_id=b.c_id   WHERE ( status=1 ) LIMIT 1   [ RunTime:0.0005s ]
SQL: SELECT * FROM `news` a left join type b on a.c_id=b.c_id   WHERE ( status=1 ) LIMIT 0,4   [ RunTime:0.0007s ]
INFO: [ view_parse ] --START--
INFO: [ template_filter ] --START--
INFO: Run Behavior\ContentReplaceBehavior [ RunTime:0.000120s ]
INFO: [ template_filter ] --END-- [ RunTime:0.000236s ]
INFO: Run Behavior\ParseTemplateBehavior [ RunTime:0.034053s ]
INFO: [ view_parse ] --END-- [ RunTime:0.034205s ]
INFO: [ view_filter ] --START--
INFO: Run Behavior\WriteHtmlCacheBehavior [ RunTime:0.001093s ]
INFO: [ view_filter ] --END-- [ RunTime:0.001192s ]
INFO: [ app_end ] --START--
INFO: Run Behavior\ShowPageTraceBehavior [ RunTime:0.001830s ]
INFO: [ app_end ] --END-- [ RunTime:0.001941s ]

[ 2015-09-30T09:20:32+08:00 ] 127.0.0.1 /tp32/Admin/Shu/list1
INFO: [ app_init ] --START--
INFO: Run Behavior\BuildLiteBehavior [ RunTime:0.000013s ]
INFO: [ app_init ] --END-- [ RunTime:0.000326s ]
INFO: [ app_begin ] --START--
INFO: Run Behavior\ReadHtmlCacheBehavior [ RunTime:0.000497s ]
INFO: [ app_begin ] --END-- [ RunTime:0.000532s ]
SQL: SHOW COLUMNS FROM `shu` [ RunTime:0.0245s ]
SQL: SELECT COUNT(*) AS tp_count FROM `shu` WHERE ( status=1 ) LIMIT 1   [ RunTime:0.0006s ]
SQL: SELECT * FROM `shu` a left join  type b on a.c_id=b.c_id  WHERE ( status=1 ) LIMIT 0,4   [ RunTime:0.0009s ]
INFO: [ view_parse ] --START--
INFO: [ template_filter ] --START--
INFO: Run Behavior\ContentReplaceBehavior [ RunTime:0.000055s ]
INFO: [ template_filter ] --END-- [ RunTime:0.000125s ]
INFO: Run Behavior\ParseTemplateBehavior [ RunTime:0.022522s ]
INFO: [ view_parse ] --END-- [ RunTime:0.022646s ]
INFO: [ view_filter ] --START--
INFO: Run Behavior\WriteHtmlCacheBehavior [ RunTime:0.000632s ]
INFO: [ view_filter ] --END-- [ RunTime:0.000766s ]
INFO: [ app_end ] --START--
INFO: Run Behavior\ShowPageTraceBehavior [ RunTime:0.001411s ]
INFO: [ app_end ] --END-- [ RunTime:0.001538s ]

[ 2015-09-30T09:20:41+08:00 ] 127.0.0.1 /tp32/Admin/Test/list1
INFO: [ app_init ] --START--
INFO: Run Behavior\BuildLiteBehavior [ RunTime:0.000024s ]
INFO: [ app_init ] --END-- [ RunTime:0.001318s ]
INFO: [ app_begin ] --START--
INFO: Run Behavior\ReadHtmlCacheBehavior [ RunTime:0.001632s ]
INFO: [ app_begin ] --END-- [ RunTime:0.001739s ]
ERR: 非法操作:list1

[ 2015-09-30T09:20:46+08:00 ] 127.0.0.1 /tp32/Admin/Test/lists
INFO: [ app_init ] --START--
INFO: Run Behavior\BuildLiteBehavior [ RunTime:0.000019s ]
INFO: [ app_init ] --END-- [ RunTime:0.000717s ]
INFO: [ app_begin ] --START--
INFO: Run Behavior\ReadHtmlCacheBehavior [ RunTime:0.000972s ]
INFO: [ app_begin ] --END-- [ RunTime:0.001049s ]
SQL: SHOW COLUMNS FROM `cate` [ RunTime:0.0487s ]
SQL: SELECT * FROM `cate`  [ RunTime:0.0003s ]
SQL: SHOW COLUMNS FROM `test` [ RunTime:0.1080s ]
SQL: SELECT COUNT(*) AS tp_count FROM `test` WHERE ( status=1 ) LIMIT 1   [ RunTime:0.0008s ]
SQL: SELECT * FROM `test` WHERE ( status=1 ) LIMIT 0,4   [ RunTime:0.0012s ]
INFO: [ view_parse ] --START--
INFO: [ template_filter ] --START--
INFO: Run Behavior\ContentReplaceBehavior [ RunTime:0.000186s ]
INFO: [ template_filter ] --END-- [ RunTime:0.000339s ]
INFO: Run Behavior\ParseTemplateBehavior [ RunTime:0.107948s ]
INFO: [ view_parse ] --END-- [ RunTime:0.108178s ]
INFO: [ view_filter ] --START--
INFO: Run Behavior\WriteHtmlCacheBehavior [ RunTime:0.001118s ]
INFO: [ view_filter ] --END-- [ RunTime:0.001225s ]
INFO: [ app_end ] --START--
INFO: Run Behavior\ShowPageTraceBehavior [ RunTime:0.002095s ]
INFO: [ app_end ] --END-- [ RunTime:0.002244s ]

