[ 2015-09-21T10:49:15+08:00 ] 127.0.0.1 /tp23/Admin/News/add
INFO: [ app_init ] --START--
INFO: Run Behavior\BuildLiteBehavior [ RunTime:0.000011s ]
INFO: [ app_init ] --END-- [ RunTime:0.000384s ]
INFO: [ app_begin ] --START--
INFO: Run Behavior\ReadHtmlCacheBehavior [ RunTime:0.000683s ]
INFO: [ app_begin ] --END-- [ RunTime:0.000720s ]
SQL: SHOW COLUMNS FROM `type` [ RunTime:0.0762s ]
SQL: SELECT * FROM `type`  [ RunTime:0.0014s ]
INFO: [ view_parse ] --START--
INFO: [ template_filter ] --START--
INFO: Run Behavior\ContentReplaceBehavior [ RunTime:0.000098s ]
INFO: [ template_filter ] --END-- [ RunTime:0.000234s ]
NOTIC: [8] Use of undefined constant c_id - assumed 'c_id' E:\zxl\tp23\Book\Runtime\Cache\Admin\65c7d0e507721df235808d30dc54562b.php 第 20 行.
NOTIC: [8] Use of undefined constant c_name - assumed 'c_name' E:\zxl\tp23\Book\Runtime\Cache\Admin\65c7d0e507721df235808d30dc54562b.php 第 20 行.
NOTIC: [8] Use of undefined constant c_id - assumed 'c_id' E:\zxl\tp23\Book\Runtime\Cache\Admin\65c7d0e507721df235808d30dc54562b.php 第 20 行.
NOTIC: [8] Use of undefined constant c_name - assumed 'c_name' E:\zxl\tp23\Book\Runtime\Cache\Admin\65c7d0e507721df235808d30dc54562b.php 第 20 行.
NOTIC: [8] Use of undefined constant c_id - assumed 'c_id' E:\zxl\tp23\Book\Runtime\Cache\Admin\65c7d0e507721df235808d30dc54562b.php 第 20 行.
NOTIC: [8] Use of undefined constant c_name - assumed 'c_name' E:\zxl\tp23\Book\Runtime\Cache\Admin\65c7d0e507721df235808d30dc54562b.php 第 20 行.
NOTIC: [8] Use of undefined constant c_id - assumed 'c_id' E:\zxl\tp23\Book\Runtime\Cache\Admin\65c7d0e507721df235808d30dc54562b.php 第 20 行.
NOTIC: [8] Use of undefined constant c_name - assumed 'c_name' E:\zxl\tp23\Book\Runtime\Cache\Admin\65c7d0e507721df235808d30dc54562b.php 第 20 行.
INFO: Run Behavior\ParseTemplateBehavior [ RunTime:0.037246s ]
INFO: [ view_parse ] --END-- [ RunTime:0.037401s ]
INFO: [ view_filter ] --START--
INFO: Run Behavior\WriteHtmlCacheBehavior [ RunTime:0.001756s ]
INFO: [ view_filter ] --END-- [ RunTime:0.001856s ]
INFO: [ app_end ] --START--
INFO: Run Behavior\ShowPageTraceBehavior [ RunTime:0.002028s ]
INFO: [ app_end ] --END-- [ RunTime:0.002121s ]

[ 2015-09-21T10:49:21+08:00 ] 127.0.0.1 /tp23/Admin/News/list1
INFO: [ app_init ] --START--
INFO: Run Behavior\BuildLiteBehavior [ RunTime:0.000012s ]
INFO: [ app_init ] --END-- [ RunTime:0.000551s ]
INFO: [ app_begin ] --START--
INFO: Run Behavior\ReadHtmlCacheBehavior [ RunTime:0.000796s ]
INFO: [ app_begin ] --END-- [ RunTime:0.000840s ]
SQL: SHOW COLUMNS FROM `news` [ RunTime:0.0173s ]
SQL: SELECT COUNT(*) AS tp_count FROM `news` a left join type b on a.c_id=b.c_id   WHERE ( status=1 ) LIMIT 1   [ RunTime:0.0005s ]
SQL: SELECT * FROM `news` a left join type b on a.c_id=b.c_id   WHERE ( status=1 ) LIMIT 0,4   [ RunTime:0.0014s ]
INFO: [ view_parse ] --START--
INFO: [ template_filter ] --START--
INFO: Run Behavior\ContentReplaceBehavior [ RunTime:0.000158s ]
INFO: [ template_filter ] --END-- [ RunTime:0.000335s ]
INFO: Run Behavior\ParseTemplateBehavior [ RunTime:0.015062s ]
INFO: [ view_parse ] --END-- [ RunTime:0.015187s ]
INFO: [ view_filter ] --START--
INFO: Run Behavior\WriteHtmlCacheBehavior [ RunTime:0.001154s ]
INFO: [ view_filter ] --END-- [ RunTime:0.001228s ]
INFO: [ app_end ] --START--
INFO: Run Behavior\ShowPageTraceBehavior [ RunTime:0.001814s ]
INFO: [ app_end ] --END-- [ RunTime:0.001899s ]

