[ 2015-09-20T19:05:47+08:00 ] 127.0.0.1 /tp23/index.php/Admin/news/add
INFO: [ app_init ] --START--
INFO: Run Behavior\BuildLiteBehavior [ RunTime:0.000023s ]
INFO: [ app_init ] --END-- [ RunTime:0.000867s ]
INFO: [ app_begin ] --START--
INFO: Run Behavior\ReadHtmlCacheBehavior [ RunTime:0.001241s ]
INFO: [ app_begin ] --END-- [ RunTime:0.001317s ]
SQL: SHOW COLUMNS FROM `type` [ RunTime:0.2029s ]
SQL: SELECT * FROM `type`  [ RunTime:0.0507s ]
INFO: [ view_parse ] --START--
INFO: [ template_filter ] --START--
INFO: Run Behavior\ContentReplaceBehavior [ RunTime:0.000097s ]
INFO: [ template_filter ] --END-- [ RunTime:0.000237s ]
NOTIC: [8] Use of undefined constant c_id - assumed 'c_id' E:\zxl\tp23\Book\Runtime\Cache\Admin\65c7d0e507721df235808d30dc54562b.php 第 20 行.
NOTIC: [8] Use of undefined constant c_name - assumed 'c_name' E:\zxl\tp23\Book\Runtime\Cache\Admin\65c7d0e507721df235808d30dc54562b.php 第 20 行.
NOTIC: [8] Use of undefined constant c_id - assumed 'c_id' E:\zxl\tp23\Book\Runtime\Cache\Admin\65c7d0e507721df235808d30dc54562b.php 第 20 行.
NOTIC: [8] Use of undefined constant c_name - assumed 'c_name' E:\zxl\tp23\Book\Runtime\Cache\Admin\65c7d0e507721df235808d30dc54562b.php 第 20 行.
NOTIC: [8] Use of undefined constant c_id - assumed 'c_id' E:\zxl\tp23\Book\Runtime\Cache\Admin\65c7d0e507721df235808d30dc54562b.php 第 20 行.
NOTIC: [8] Use of undefined constant c_name - assumed 'c_name' E:\zxl\tp23\Book\Runtime\Cache\Admin\65c7d0e507721df235808d30dc54562b.php 第 20 行.
NOTIC: [8] Use of undefined constant c_id - assumed 'c_id' E:\zxl\tp23\Book\Runtime\Cache\Admin\65c7d0e507721df235808d30dc54562b.php 第 20 行.
NOTIC: [8] Use of undefined constant c_name - assumed 'c_name' E:\zxl\tp23\Book\Runtime\Cache\Admin\65c7d0e507721df235808d30dc54562b.php 第 20 行.
INFO: Run Behavior\ParseTemplateBehavior [ RunTime:0.045209s ]
INFO: [ view_parse ] --END-- [ RunTime:0.045329s ]
INFO: [ view_filter ] --START--
INFO: Run Behavior\WriteHtmlCacheBehavior [ RunTime:0.001325s ]
INFO: [ view_filter ] --END-- [ RunTime:0.001436s ]
INFO: [ app_end ] --START--
INFO: Run Behavior\ShowPageTraceBehavior [ RunTime:0.002187s ]
INFO: [ app_end ] --END-- [ RunTime:0.002299s ]

[ 2015-09-20T19:05:53+08:00 ] 127.0.0.1 /tp23/index.php/Admin/news/list
INFO: [ app_init ] --START--
INFO: Run Behavior\BuildLiteBehavior [ RunTime:0.000043s ]
INFO: [ app_init ] --END-- [ RunTime:0.000967s ]
INFO: [ app_begin ] --START--
INFO: Run Behavior\ReadHtmlCacheBehavior [ RunTime:0.001072s ]
INFO: [ app_begin ] --END-- [ RunTime:0.001155s ]
INFO: [ view_parse ] --START--
INFO: [ template_filter ] --START--
INFO: Run Behavior\ContentReplaceBehavior [ RunTime:0.000127s ]
INFO: [ template_filter ] --END-- [ RunTime:0.000294s ]
NOTIC: [8] Undefined variable: list E:\zxl\tp23\Book\Runtime\Cache\Admin\492da8d6da83d74dc87934483f3a7baf.php 第 20 行.
NOTIC: [2] Invalid argument supplied for foreach() E:\zxl\tp23\Book\Runtime\Cache\Admin\492da8d6da83d74dc87934483f3a7baf.php 第 20 行.
NOTIC: [8] Undefined variable: page E:\zxl\tp23\Book\Runtime\Cache\Admin\492da8d6da83d74dc87934483f3a7baf.php 第 31 行.
INFO: Run Behavior\ParseTemplateBehavior [ RunTime:0.022940s ]
INFO: [ view_parse ] --END-- [ RunTime:0.023066s ]
INFO: [ view_filter ] --START--
INFO: Run Behavior\WriteHtmlCacheBehavior [ RunTime:0.001326s ]
INFO: [ view_filter ] --END-- [ RunTime:0.001436s ]
INFO: [ app_end ] --START--
INFO: Run Behavior\ShowPageTraceBehavior [ RunTime:0.002265s ]
INFO: [ app_end ] --END-- [ RunTime:0.002411s ]

[ 2015-09-20T19:05:58+08:00 ] 127.0.0.1 /tp23/index.php/Admin/news/list
INFO: [ app_init ] --START--
INFO: Run Behavior\BuildLiteBehavior [ RunTime:0.000032s ]
INFO: [ app_init ] --END-- [ RunTime:0.001080s ]
INFO: [ app_begin ] --START--
INFO: Run Behavior\ReadHtmlCacheBehavior [ RunTime:0.001636s ]
INFO: [ app_begin ] --END-- [ RunTime:0.001756s ]
INFO: [ view_parse ] --START--
INFO: [ template_filter ] --START--
INFO: Run Behavior\ContentReplaceBehavior [ RunTime:0.000065s ]
INFO: [ template_filter ] --END-- [ RunTime:0.000134s ]
NOTIC: [8] Undefined variable: list E:\zxl\tp23\Book\Runtime\Cache\Admin\492da8d6da83d74dc87934483f3a7baf.php 第 20 行.
NOTIC: [2] Invalid argument supplied for foreach() E:\zxl\tp23\Book\Runtime\Cache\Admin\492da8d6da83d74dc87934483f3a7baf.php 第 20 行.
NOTIC: [8] Undefined variable: page E:\zxl\tp23\Book\Runtime\Cache\Admin\492da8d6da83d74dc87934483f3a7baf.php 第 31 行.
INFO: Run Behavior\ParseTemplateBehavior [ RunTime:0.010865s ]
INFO: [ view_parse ] --END-- [ RunTime:0.010934s ]
INFO: [ view_filter ] --START--
INFO: Run Behavior\WriteHtmlCacheBehavior [ RunTime:0.000690s ]
INFO: [ view_filter ] --END-- [ RunTime:0.000749s ]
INFO: [ app_end ] --START--
INFO: Run Behavior\ShowPageTraceBehavior [ RunTime:0.001195s ]
INFO: [ app_end ] --END-- [ RunTime:0.001341s ]

[ 2015-09-20T19:05:58+08:00 ] 127.0.0.1 /tp23/index.php/Admin/news/list
INFO: [ app_init ] --START--
INFO: Run Behavior\BuildLiteBehavior [ RunTime:0.000023s ]
INFO: [ app_init ] --END-- [ RunTime:0.000753s ]
INFO: [ app_begin ] --START--
INFO: Run Behavior\ReadHtmlCacheBehavior [ RunTime:0.001033s ]
INFO: [ app_begin ] --END-- [ RunTime:0.001106s ]
INFO: [ view_parse ] --START--
INFO: [ template_filter ] --START--
INFO: Run Behavior\ContentReplaceBehavior [ RunTime:0.000074s ]
INFO: [ template_filter ] --END-- [ RunTime:0.000170s ]
NOTIC: [8] Undefined variable: list E:\zxl\tp23\Book\Runtime\Cache\Admin\492da8d6da83d74dc87934483f3a7baf.php 第 20 行.
NOTIC: [2] Invalid argument supplied for foreach() E:\zxl\tp23\Book\Runtime\Cache\Admin\492da8d6da83d74dc87934483f3a7baf.php 第 20 行.
NOTIC: [8] Undefined variable: page E:\zxl\tp23\Book\Runtime\Cache\Admin\492da8d6da83d74dc87934483f3a7baf.php 第 31 行.
INFO: Run Behavior\ParseTemplateBehavior [ RunTime:0.012510s ]
INFO: [ view_parse ] --END-- [ RunTime:0.012579s ]
INFO: [ view_filter ] --START--
INFO: Run Behavior\WriteHtmlCacheBehavior [ RunTime:0.000690s ]
INFO: [ view_filter ] --END-- [ RunTime:0.000751s ]
INFO: [ app_end ] --START--
INFO: Run Behavior\ShowPageTraceBehavior [ RunTime:0.001197s ]
INFO: [ app_end ] --END-- [ RunTime:0.001260s ]

[ 2015-09-20T19:05:58+08:00 ] 127.0.0.1 /tp23/index.php/Admin/news/list
INFO: [ app_init ] --START--
INFO: Run Behavior\BuildLiteBehavior [ RunTime:0.000023s ]
INFO: [ app_init ] --END-- [ RunTime:0.000785s ]
INFO: [ app_begin ] --START--
INFO: Run Behavior\ReadHtmlCacheBehavior [ RunTime:0.001179s ]
INFO: [ app_begin ] --END-- [ RunTime:0.001251s ]
INFO: [ view_parse ] --START--
INFO: [ template_filter ] --START--
INFO: Run Behavior\ContentReplaceBehavior [ RunTime:0.000072s ]
INFO: [ template_filter ] --END-- [ RunTime:0.000146s ]
NOTIC: [8] Undefined variable: list E:\zxl\tp23\Book\Runtime\Cache\Admin\492da8d6da83d74dc87934483f3a7baf.php 第 20 行.
NOTIC: [2] Invalid argument supplied for foreach() E:\zxl\tp23\Book\Runtime\Cache\Admin\492da8d6da83d74dc87934483f3a7baf.php 第 20 行.
NOTIC: [8] Undefined variable: page E:\zxl\tp23\Book\Runtime\Cache\Admin\492da8d6da83d74dc87934483f3a7baf.php 第 31 行.
INFO: Run Behavior\ParseTemplateBehavior [ RunTime:0.012987s ]
INFO: [ view_parse ] --END-- [ RunTime:0.013098s ]
INFO: [ view_filter ] --START--
INFO: Run Behavior\WriteHtmlCacheBehavior [ RunTime:0.001036s ]
INFO: [ view_filter ] --END-- [ RunTime:0.001120s ]
INFO: [ app_end ] --START--
INFO: Run Behavior\ShowPageTraceBehavior [ RunTime:0.001429s ]
INFO: [ app_end ] --END-- [ RunTime:0.001514s ]

[ 2015-09-20T19:05:59+08:00 ] 127.0.0.1 /tp23/index.php/Admin/news/list
INFO: [ app_init ] --START--
INFO: Run Behavior\BuildLiteBehavior [ RunTime:0.000028s ]
INFO: [ app_init ] --END-- [ RunTime:0.001113s ]
INFO: [ app_begin ] --START--
INFO: Run Behavior\ReadHtmlCacheBehavior [ RunTime:0.001513s ]
INFO: [ app_begin ] --END-- [ RunTime:0.001636s ]
INFO: [ view_parse ] --START--
INFO: [ template_filter ] --START--
INFO: Run Behavior\ContentReplaceBehavior [ RunTime:0.000094s ]
INFO: [ template_filter ] --END-- [ RunTime:0.000216s ]
NOTIC: [8] Undefined variable: list E:\zxl\tp23\Book\Runtime\Cache\Admin\492da8d6da83d74dc87934483f3a7baf.php 第 20 行.
NOTIC: [2] Invalid argument supplied for foreach() E:\zxl\tp23\Book\Runtime\Cache\Admin\492da8d6da83d74dc87934483f3a7baf.php 第 20 行.
NOTIC: [8] Undefined variable: page E:\zxl\tp23\Book\Runtime\Cache\Admin\492da8d6da83d74dc87934483f3a7baf.php 第 31 行.
INFO: Run Behavior\ParseTemplateBehavior [ RunTime:0.016484s ]
INFO: [ view_parse ] --END-- [ RunTime:0.016598s ]
INFO: [ view_filter ] --START--
INFO: Run Behavior\WriteHtmlCacheBehavior [ RunTime:0.001031s ]
INFO: [ view_filter ] --END-- [ RunTime:0.001112s ]
INFO: [ app_end ] --START--
INFO: Run Behavior\ShowPageTraceBehavior [ RunTime:0.001762s ]
INFO: [ app_end ] --END-- [ RunTime:0.001871s ]

[ 2015-09-20T19:05:59+08:00 ] 127.0.0.1 /tp23/index.php/Admin/news/list
INFO: [ app_init ] --START--
INFO: Run Behavior\BuildLiteBehavior [ RunTime:0.000018s ]
INFO: [ app_init ] --END-- [ RunTime:0.000772s ]
INFO: [ app_begin ] --START--
INFO: Run Behavior\ReadHtmlCacheBehavior [ RunTime:0.000975s ]
INFO: [ app_begin ] --END-- [ RunTime:0.001056s ]
INFO: [ view_parse ] --START--
INFO: [ template_filter ] --START--
INFO: Run Behavior\ContentReplaceBehavior [ RunTime:0.000042s ]
INFO: [ template_filter ] --END-- [ RunTime:0.000093s ]
NOTIC: [8] Undefined variable: list E:\zxl\tp23\Book\Runtime\Cache\Admin\492da8d6da83d74dc87934483f3a7baf.php 第 20 行.
NOTIC: [2] Invalid argument supplied for foreach() E:\zxl\tp23\Book\Runtime\Cache\Admin\492da8d6da83d74dc87934483f3a7baf.php 第 20 行.
NOTIC: [8] Undefined variable: page E:\zxl\tp23\Book\Runtime\Cache\Admin\492da8d6da83d74dc87934483f3a7baf.php 第 31 行.
INFO: Run Behavior\ParseTemplateBehavior [ RunTime:0.008909s ]
INFO: [ view_parse ] --END-- [ RunTime:0.009001s ]
INFO: [ view_filter ] --START--
INFO: Run Behavior\WriteHtmlCacheBehavior [ RunTime:0.000398s ]
INFO: [ view_filter ] --END-- [ RunTime:0.000431s ]
INFO: [ app_end ] --START--
INFO: Run Behavior\ShowPageTraceBehavior [ RunTime:0.000663s ]
INFO: [ app_end ] --END-- [ RunTime:0.000701s ]

[ 2015-09-20T19:05:59+08:00 ] 127.0.0.1 /tp23/index.php/Admin/news/list
INFO: [ app_init ] --START--
INFO: Run Behavior\BuildLiteBehavior [ RunTime:0.000017s ]
INFO: [ app_init ] --END-- [ RunTime:0.000645s ]
INFO: [ app_begin ] --START--
INFO: Run Behavior\ReadHtmlCacheBehavior [ RunTime:0.000905s ]
INFO: [ app_begin ] --END-- [ RunTime:0.000971s ]
INFO: [ view_parse ] --START--
INFO: [ template_filter ] --START--
INFO: Run Behavior\ContentReplaceBehavior [ RunTime:0.000077s ]
INFO: [ template_filter ] --END-- [ RunTime:0.000162s ]
NOTIC: [8] Undefined variable: list E:\zxl\tp23\Book\Runtime\Cache\Admin\492da8d6da83d74dc87934483f3a7baf.php 第 20 行.
NOTIC: [2] Invalid argument supplied for foreach() E:\zxl\tp23\Book\Runtime\Cache\Admin\492da8d6da83d74dc87934483f3a7baf.php 第 20 行.
NOTIC: [8] Undefined variable: page E:\zxl\tp23\Book\Runtime\Cache\Admin\492da8d6da83d74dc87934483f3a7baf.php 第 31 行.
INFO: Run Behavior\ParseTemplateBehavior [ RunTime:0.009465s ]
INFO: [ view_parse ] --END-- [ RunTime:0.009529s ]
INFO: [ view_filter ] --START--
INFO: Run Behavior\WriteHtmlCacheBehavior [ RunTime:0.000802s ]
INFO: [ view_filter ] --END-- [ RunTime:0.000854s ]
INFO: [ app_end ] --START--
INFO: Run Behavior\ShowPageTraceBehavior [ RunTime:0.000873s ]
INFO: [ app_end ] --END-- [ RunTime:0.000919s ]

[ 2015-09-20T19:05:59+08:00 ] 127.0.0.1 /tp23/index.php/Admin/news/list
INFO: [ app_init ] --START--
INFO: Run Behavior\BuildLiteBehavior [ RunTime:0.000017s ]
INFO: [ app_init ] --END-- [ RunTime:0.000519s ]
INFO: [ app_begin ] --START--
INFO: Run Behavior\ReadHtmlCacheBehavior [ RunTime:0.000826s ]
INFO: [ app_begin ] --END-- [ RunTime:0.000909s ]
INFO: [ view_parse ] --START--
INFO: [ template_filter ] --START--
INFO: Run Behavior\ContentReplaceBehavior [ RunTime:0.000052s ]
INFO: [ template_filter ] --END-- [ RunTime:0.000110s ]
NOTIC: [8] Undefined variable: list E:\zxl\tp23\Book\Runtime\Cache\Admin\492da8d6da83d74dc87934483f3a7baf.php 第 20 行.
NOTIC: [2] Invalid argument supplied for foreach() E:\zxl\tp23\Book\Runtime\Cache\Admin\492da8d6da83d74dc87934483f3a7baf.php 第 20 行.
NOTIC: [8] Undefined variable: page E:\zxl\tp23\Book\Runtime\Cache\Admin\492da8d6da83d74dc87934483f3a7baf.php 第 31 行.
INFO: Run Behavior\ParseTemplateBehavior [ RunTime:0.008538s ]
INFO: [ view_parse ] --END-- [ RunTime:0.008587s ]
INFO: [ view_filter ] --START--
INFO: Run Behavior\WriteHtmlCacheBehavior [ RunTime:0.000482s ]
INFO: [ view_filter ] --END-- [ RunTime:0.000522s ]
INFO: [ app_end ] --START--
INFO: Run Behavior\ShowPageTraceBehavior [ RunTime:0.000877s ]
INFO: [ app_end ] --END-- [ RunTime:0.000939s ]

[ 2015-09-20T19:05:59+08:00 ] 127.0.0.1 /tp23/index.php/Admin/news/list
INFO: [ app_init ] --START--
INFO: Run Behavior\BuildLiteBehavior [ RunTime:0.000022s ]
INFO: [ app_init ] --END-- [ RunTime:0.000727s ]
INFO: [ app_begin ] --START--
INFO: Run Behavior\ReadHtmlCacheBehavior [ RunTime:0.001279s ]
INFO: [ app_begin ] --END-- [ RunTime:0.001393s ]
INFO: [ view_parse ] --START--
INFO: [ template_filter ] --START--
INFO: Run Behavior\ContentReplaceBehavior [ RunTime:0.000048s ]
INFO: [ template_filter ] --END-- [ RunTime:0.000100s ]
NOTIC: [8] Undefined variable: list E:\zxl\tp23\Book\Runtime\Cache\Admin\492da8d6da83d74dc87934483f3a7baf.php 第 20 行.
NOTIC: [2] Invalid argument supplied for foreach() E:\zxl\tp23\Book\Runtime\Cache\Admin\492da8d6da83d74dc87934483f3a7baf.php 第 20 行.
NOTIC: [8] Undefined variable: page E:\zxl\tp23\Book\Runtime\Cache\Admin\492da8d6da83d74dc87934483f3a7baf.php 第 31 行.
INFO: Run Behavior\ParseTemplateBehavior [ RunTime:0.007672s ]
INFO: [ view_parse ] --END-- [ RunTime:0.007720s ]
INFO: [ view_filter ] --START--
INFO: Run Behavior\WriteHtmlCacheBehavior [ RunTime:0.000437s ]
INFO: [ view_filter ] --END-- [ RunTime:0.000475s ]
INFO: [ app_end ] --START--
INFO: Run Behavior\ShowPageTraceBehavior [ RunTime:0.000759s ]
INFO: [ app_end ] --END-- [ RunTime:0.000804s ]

[ 2015-09-20T19:05:59+08:00 ] 127.0.0.1 /tp23/index.php/Admin/news/list
INFO: [ app_init ] --START--
INFO: Run Behavior\BuildLiteBehavior [ RunTime:0.000013s ]
INFO: [ app_init ] --END-- [ RunTime:0.000518s ]
INFO: [ app_begin ] --START--
INFO: Run Behavior\ReadHtmlCacheBehavior [ RunTime:0.000567s ]
INFO: [ app_begin ] --END-- [ RunTime:0.000613s ]
INFO: [ view_parse ] --START--
INFO: [ template_filter ] --START--
INFO: Run Behavior\ContentReplaceBehavior [ RunTime:0.000041s ]
INFO: [ template_filter ] --END-- [ RunTime:0.000092s ]
NOTIC: [8] Undefined variable: list E:\zxl\tp23\Book\Runtime\Cache\Admin\492da8d6da83d74dc87934483f3a7baf.php 第 20 行.
NOTIC: [2] Invalid argument supplied for foreach() E:\zxl\tp23\Book\Runtime\Cache\Admin\492da8d6da83d74dc87934483f3a7baf.php 第 20 行.
NOTIC: [8] Undefined variable: page E:\zxl\tp23\Book\Runtime\Cache\Admin\492da8d6da83d74dc87934483f3a7baf.php 第 31 行.
INFO: Run Behavior\ParseTemplateBehavior [ RunTime:0.007046s ]
INFO: [ view_parse ] --END-- [ RunTime:0.007084s ]
INFO: [ view_filter ] --START--
INFO: Run Behavior\WriteHtmlCacheBehavior [ RunTime:0.000385s ]
INFO: [ view_filter ] --END-- [ RunTime:0.000418s ]
INFO: [ app_end ] --START--
INFO: Run Behavior\ShowPageTraceBehavior [ RunTime:0.000642s ]
INFO: [ app_end ] --END-- [ RunTime:0.000677s ]

[ 2015-09-20T19:05:59+08:00 ] 127.0.0.1 /tp23/index.php/Admin/news/list
INFO: [ app_init ] --START--
INFO: Run Behavior\BuildLiteBehavior [ RunTime:0.000034s ]
INFO: [ app_init ] --END-- [ RunTime:0.001135s ]
INFO: [ app_begin ] --START--
INFO: Run Behavior\ReadHtmlCacheBehavior [ RunTime:0.001165s ]
INFO: [ app_begin ] --END-- [ RunTime:0.001263s ]
INFO: [ view_parse ] --START--
INFO: [ template_filter ] --START--
INFO: Run Behavior\ContentReplaceBehavior [ RunTime:0.000050s ]
INFO: [ template_filter ] --END-- [ RunTime:0.000103s ]
NOTIC: [8] Undefined variable: list E:\zxl\tp23\Book\Runtime\Cache\Admin\492da8d6da83d74dc87934483f3a7baf.php 第 20 行.
NOTIC: [2] Invalid argument supplied for foreach() E:\zxl\tp23\Book\Runtime\Cache\Admin\492da8d6da83d74dc87934483f3a7baf.php 第 20 行.
NOTIC: [8] Undefined variable: page E:\zxl\tp23\Book\Runtime\Cache\Admin\492da8d6da83d74dc87934483f3a7baf.php 第 31 行.
INFO: Run Behavior\ParseTemplateBehavior [ RunTime:0.011804s ]
INFO: [ view_parse ] --END-- [ RunTime:0.011875s ]
INFO: [ view_filter ] --START--
INFO: Run Behavior\WriteHtmlCacheBehavior [ RunTime:0.000457s ]
INFO: [ view_filter ] --END-- [ RunTime:0.000497s ]
INFO: [ app_end ] --START--
INFO: Run Behavior\ShowPageTraceBehavior [ RunTime:0.000784s ]
INFO: [ app_end ] --END-- [ RunTime:0.000826s ]

[ 2015-09-20T19:06:00+08:00 ] 127.0.0.1 /tp23/index.php/Admin/news/list
INFO: [ app_init ] --START--
INFO: Run Behavior\BuildLiteBehavior [ RunTime:0.000020s ]
INFO: [ app_init ] --END-- [ RunTime:0.000740s ]
INFO: [ app_begin ] --START--
INFO: Run Behavior\ReadHtmlCacheBehavior [ RunTime:0.001326s ]
INFO: [ app_begin ] --END-- [ RunTime:0.001412s ]
INFO: [ view_parse ] --START--
INFO: [ template_filter ] --START--
INFO: Run Behavior\ContentReplaceBehavior [ RunTime:0.000060s ]
INFO: [ template_filter ] --END-- [ RunTime:0.000130s ]
NOTIC: [8] Undefined variable: list E:\zxl\tp23\Book\Runtime\Cache\Admin\492da8d6da83d74dc87934483f3a7baf.php 第 20 行.
NOTIC: [2] Invalid argument supplied for foreach() E:\zxl\tp23\Book\Runtime\Cache\Admin\492da8d6da83d74dc87934483f3a7baf.php 第 20 行.
NOTIC: [8] Undefined variable: page E:\zxl\tp23\Book\Runtime\Cache\Admin\492da8d6da83d74dc87934483f3a7baf.php 第 31 行.
INFO: Run Behavior\ParseTemplateBehavior [ RunTime:0.010016s ]
INFO: [ view_parse ] --END-- [ RunTime:0.010106s ]
INFO: [ view_filter ] --START--
INFO: Run Behavior\WriteHtmlCacheBehavior [ RunTime:0.000620s ]
INFO: [ view_filter ] --END-- [ RunTime:0.000671s ]
INFO: [ app_end ] --START--
INFO: Run Behavior\ShowPageTraceBehavior [ RunTime:0.000928s ]
INFO: [ app_end ] --END-- [ RunTime:0.000983s ]

[ 2015-09-20T19:06:00+08:00 ] 127.0.0.1 /tp23/index.php/Admin/news/list
INFO: [ app_init ] --START--
INFO: Run Behavior\BuildLiteBehavior [ RunTime:0.000027s ]
INFO: [ app_init ] --END-- [ RunTime:0.000906s ]
INFO: [ app_begin ] --START--
INFO: Run Behavior\ReadHtmlCacheBehavior [ RunTime:0.001141s ]
INFO: [ app_begin ] --END-- [ RunTime:0.001216s ]
INFO: [ view_parse ] --START--
INFO: [ template_filter ] --START--
INFO: Run Behavior\ContentReplaceBehavior [ RunTime:0.000074s ]
INFO: [ template_filter ] --END-- [ RunTime:0.000166s ]
NOTIC: [8] Undefined variable: list E:\zxl\tp23\Book\Runtime\Cache\Admin\492da8d6da83d74dc87934483f3a7baf.php 第 20 行.
NOTIC: [2] Invalid argument supplied for foreach() E:\zxl\tp23\Book\Runtime\Cache\Admin\492da8d6da83d74dc87934483f3a7baf.php 第 20 行.
NOTIC: [8] Undefined variable: page E:\zxl\tp23\Book\Runtime\Cache\Admin\492da8d6da83d74dc87934483f3a7baf.php 第 31 行.
INFO: Run Behavior\ParseTemplateBehavior [ RunTime:0.012868s ]
INFO: [ view_parse ] --END-- [ RunTime:0.012948s ]
INFO: [ view_filter ] --START--
INFO: Run Behavior\WriteHtmlCacheBehavior [ RunTime:0.000575s ]
INFO: [ view_filter ] --END-- [ RunTime:0.000619s ]
INFO: [ app_end ] --START--
INFO: Run Behavior\ShowPageTraceBehavior [ RunTime:0.000937s ]
INFO: [ app_end ] --END-- [ RunTime:0.000981s ]

[ 2015-09-20T19:06:00+08:00 ] 127.0.0.1 /tp23/index.php/Admin/news/list
INFO: [ app_init ] --START--
INFO: Run Behavior\BuildLiteBehavior [ RunTime:0.000024s ]
INFO: [ app_init ] --END-- [ RunTime:0.001219s ]
INFO: [ app_begin ] --START--
INFO: Run Behavior\ReadHtmlCacheBehavior [ RunTime:0.001279s ]
INFO: [ app_begin ] --END-- [ RunTime:0.001380s ]
INFO: [ view_parse ] --START--
INFO: [ template_filter ] --START--
INFO: Run Behavior\ContentReplaceBehavior [ RunTime:0.000077s ]
INFO: [ template_filter ] --END-- [ RunTime:0.000159s ]
NOTIC: [8] Undefined variable: list E:\zxl\tp23\Book\Runtime\Cache\Admin\492da8d6da83d74dc87934483f3a7baf.php 第 20 行.
NOTIC: [2] Invalid argument supplied for foreach() E:\zxl\tp23\Book\Runtime\Cache\Admin\492da8d6da83d74dc87934483f3a7baf.php 第 20 行.
NOTIC: [8] Undefined variable: page E:\zxl\tp23\Book\Runtime\Cache\Admin\492da8d6da83d74dc87934483f3a7baf.php 第 31 行.
INFO: Run Behavior\ParseTemplateBehavior [ RunTime:0.013647s ]
INFO: [ view_parse ] --END-- [ RunTime:0.013748s ]
INFO: [ view_filter ] --START--
INFO: Run Behavior\WriteHtmlCacheBehavior [ RunTime:0.000875s ]
INFO: [ view_filter ] --END-- [ RunTime:0.000943s ]
INFO: [ app_end ] --START--
INFO: Run Behavior\ShowPageTraceBehavior [ RunTime:0.001492s ]
INFO: [ app_end ] --END-- [ RunTime:0.001585s ]

[ 2015-09-20T19:06:05+08:00 ] 127.0.0.1 /tp23/index.php/Admin/news/list1
INFO: [ app_init ] --START--
INFO: Run Behavior\BuildLiteBehavior [ RunTime:0.000025s ]
INFO: [ app_init ] --END-- [ RunTime:0.000845s ]
INFO: [ app_begin ] --START--
INFO: Run Behavior\ReadHtmlCacheBehavior [ RunTime:0.001209s ]
INFO: [ app_begin ] --END-- [ RunTime:0.001287s ]
SQL: SHOW COLUMNS FROM `news` [ RunTime:0.0816s ]
SQL: SELECT COUNT(*) AS tp_count FROM `news` a left join type b on a.c_id=b.c_id   WHERE ( status=1 ) LIMIT 1   [ RunTime:0.0016s ]
SQL: SELECT * FROM `news` a left join type b on a.c_id=b.c_id   WHERE ( status=1 ) LIMIT 0,4   [ RunTime:0.0023s ]
INFO: [ view_parse ] --START--
INFO: [ template_filter ] --START--
INFO: Run Behavior\ContentReplaceBehavior [ RunTime:0.000157s ]
INFO: [ template_filter ] --END-- [ RunTime:0.000323s ]
INFO: Run Behavior\ParseTemplateBehavior [ RunTime:0.022665s ]
INFO: [ view_parse ] --END-- [ RunTime:0.022809s ]
INFO: [ view_filter ] --START--
INFO: Run Behavior\WriteHtmlCacheBehavior [ RunTime:0.001384s ]
INFO: [ view_filter ] --END-- [ RunTime:0.001491s ]
INFO: [ app_end ] --START--
INFO: Run Behavior\ShowPageTraceBehavior [ RunTime:0.002103s ]
INFO: [ app_end ] --END-- [ RunTime:0.002203s ]

[ 2015-09-20T19:06:08+08:00 ] 127.0.0.1 /tp23/index.php/Admin/News/list1/p/2.html
INFO: [ app_init ] --START--
INFO: Run Behavior\BuildLiteBehavior [ RunTime:0.000024s ]
INFO: [ app_init ] --END-- [ RunTime:0.000763s ]
INFO: [ app_begin ] --START--
INFO: Run Behavior\ReadHtmlCacheBehavior [ RunTime:0.001083s ]
INFO: [ app_begin ] --END-- [ RunTime:0.001178s ]
SQL: SHOW COLUMNS FROM `news` [ RunTime:0.0070s ]
SQL: SELECT COUNT(*) AS tp_count FROM `news` a left join type b on a.c_id=b.c_id   WHERE ( status=1 ) LIMIT 1   [ RunTime:0.0005s ]
SQL: SELECT * FROM `news` a left join type b on a.c_id=b.c_id   WHERE ( status=1 ) LIMIT 4,4   [ RunTime:0.0010s ]
INFO: [ view_parse ] --START--
INFO: [ template_filter ] --START--
INFO: Run Behavior\ContentReplaceBehavior [ RunTime:0.000081s ]
INFO: [ template_filter ] --END-- [ RunTime:0.000197s ]
INFO: Run Behavior\ParseTemplateBehavior [ RunTime:0.014521s ]
INFO: [ view_parse ] --END-- [ RunTime:0.014644s ]
INFO: [ view_filter ] --START--
INFO: Run Behavior\WriteHtmlCacheBehavior [ RunTime:0.000848s ]
INFO: [ view_filter ] --END-- [ RunTime:0.000921s ]
INFO: [ app_end ] --START--
INFO: Run Behavior\ShowPageTraceBehavior [ RunTime:0.001527s ]
INFO: [ app_end ] --END-- [ RunTime:0.001623s ]

[ 2015-09-20T19:06:10+08:00 ] 127.0.0.1 /tp23/index.php/Admin/News/list1/p/1.html
INFO: [ app_init ] --START--
INFO: Run Behavior\BuildLiteBehavior [ RunTime:0.000026s ]
INFO: [ app_init ] --END-- [ RunTime:0.000846s ]
INFO: [ app_begin ] --START--
INFO: Run Behavior\ReadHtmlCacheBehavior [ RunTime:0.001345s ]
INFO: [ app_begin ] --END-- [ RunTime:0.001440s ]
SQL: SHOW COLUMNS FROM `news` [ RunTime:0.0042s ]
SQL: SELECT COUNT(*) AS tp_count FROM `news` a left join type b on a.c_id=b.c_id   WHERE ( status=1 ) LIMIT 1   [ RunTime:0.0003s ]
SQL: SELECT * FROM `news` a left join type b on a.c_id=b.c_id   WHERE ( status=1 ) LIMIT 0,4   [ RunTime:0.0005s ]
INFO: [ view_parse ] --START--
INFO: [ template_filter ] --START--
INFO: Run Behavior\ContentReplaceBehavior [ RunTime:0.000054s ]
INFO: [ template_filter ] --END-- [ RunTime:0.000103s ]
INFO: Run Behavior\ParseTemplateBehavior [ RunTime:0.008127s ]
INFO: [ view_parse ] --END-- [ RunTime:0.008201s ]
INFO: [ view_filter ] --START--
INFO: Run Behavior\WriteHtmlCacheBehavior [ RunTime:0.000519s ]
INFO: [ view_filter ] --END-- [ RunTime:0.000563s ]
INFO: [ app_end ] --START--
INFO: Run Behavior\ShowPageTraceBehavior [ RunTime:0.000831s ]
INFO: [ app_end ] --END-- [ RunTime:0.000877s ]

[ 2015-09-20T19:07:02+08:00 ] 127.0.0.1 /tp23/index.php/Admin/News/list1/p/2.html
INFO: [ app_init ] --START--
INFO: Run Behavior\BuildLiteBehavior [ RunTime:0.000014s ]
INFO: [ app_init ] --END-- [ RunTime:0.000697s ]
INFO: [ app_begin ] --START--
INFO: Run Behavior\ReadHtmlCacheBehavior [ RunTime:0.000563s ]
INFO: [ app_begin ] --END-- [ RunTime:0.000613s ]
SQL: SHOW COLUMNS FROM `news` [ RunTime:0.0044s ]
SQL: SELECT COUNT(*) AS tp_count FROM `news` a left join type b on a.c_id=b.c_id   WHERE ( status=1 ) LIMIT 1   [ RunTime:0.0003s ]
SQL: SELECT * FROM `news` a left join type b on a.c_id=b.c_id   WHERE ( status=1 ) LIMIT 4,4   [ RunTime:0.0005s ]
INFO: [ view_parse ] --START--
INFO: [ template_filter ] --START--
INFO: Run Behavior\ContentReplaceBehavior [ RunTime:0.000046s ]
INFO: [ template_filter ] --END-- [ RunTime:0.000105s ]
INFO: Run Behavior\ParseTemplateBehavior [ RunTime:0.010239s ]
INFO: [ view_parse ] --END-- [ RunTime:0.010308s ]
INFO: [ view_filter ] --START--
INFO: Run Behavior\WriteHtmlCacheBehavior [ RunTime:0.000476s ]
INFO: [ view_filter ] --END-- [ RunTime:0.000526s ]
INFO: [ app_end ] --START--
INFO: Run Behavior\ShowPageTraceBehavior [ RunTime:0.001035s ]
INFO: [ app_end ] --END-- [ RunTime:0.001094s ]

[ 2015-09-20T20:21:53+08:00 ] 127.0.0.1 /tp23/index.php/Admin/news/list1
INFO: [ app_init ] --START--
INFO: Run Behavior\BuildLiteBehavior [ RunTime:0.000024s ]
INFO: [ app_init ] --END-- [ RunTime:0.001062s ]
INFO: [ app_begin ] --START--
INFO: Run Behavior\ReadHtmlCacheBehavior [ RunTime:0.001547s ]
INFO: [ app_begin ] --END-- [ RunTime:0.001628s ]
SQL: SHOW COLUMNS FROM `news` [ RunTime:0.0044s ]
SQL: SELECT COUNT(*) AS tp_count FROM `news` a left join type b on a.c_id=b.c_id   WHERE ( status=1 ) LIMIT 1   [ RunTime:0.0006s ]
SQL: SELECT * FROM `news` a left join type b on a.c_id=b.c_id   WHERE ( status=1 ) LIMIT 0,4   [ RunTime:0.0008s ]
INFO: [ view_parse ] --START--
INFO: [ template_filter ] --START--
INFO: Run Behavior\ContentReplaceBehavior [ RunTime:0.000051s ]
INFO: [ template_filter ] --END-- [ RunTime:0.000104s ]
INFO: Run Behavior\ParseTemplateBehavior [ RunTime:0.008890s ]
INFO: [ view_parse ] --END-- [ RunTime:0.008973s ]
INFO: [ view_filter ] --START--
INFO: Run Behavior\WriteHtmlCacheBehavior [ RunTime:0.000607s ]
INFO: [ view_filter ] --END-- [ RunTime:0.000649s ]
INFO: [ app_end ] --START--
INFO: Run Behavior\ShowPageTraceBehavior [ RunTime:0.000959s ]
INFO: [ app_end ] --END-- [ RunTime:0.001000s ]

[ 2015-09-20T20:56:54+08:00 ] 127.0.0.1 /tp23/index.php/Admin/news/list
INFO: [ app_init ] --START--
INFO: Run Behavior\BuildLiteBehavior [ RunTime:0.000010s ]
INFO: [ app_init ] --END-- [ RunTime:0.000375s ]
INFO: [ app_begin ] --START--
INFO: Run Behavior\ReadHtmlCacheBehavior [ RunTime:0.000788s ]
INFO: [ app_begin ] --END-- [ RunTime:0.000849s ]
INFO: [ view_parse ] --START--
INFO: [ template_filter ] --START--
INFO: Run Behavior\ContentReplaceBehavior [ RunTime:0.000037s ]
INFO: [ template_filter ] --END-- [ RunTime:0.000085s ]
NOTIC: [8] Undefined variable: list E:\zxl\tp23\Book\Runtime\Cache\Admin\492da8d6da83d74dc87934483f3a7baf.php 第 20 行.
NOTIC: [2] Invalid argument supplied for foreach() E:\zxl\tp23\Book\Runtime\Cache\Admin\492da8d6da83d74dc87934483f3a7baf.php 第 20 行.
NOTIC: [8] Undefined variable: page E:\zxl\tp23\Book\Runtime\Cache\Admin\492da8d6da83d74dc87934483f3a7baf.php 第 31 行.
INFO: Run Behavior\ParseTemplateBehavior [ RunTime:0.006865s ]
INFO: [ view_parse ] --END-- [ RunTime:0.006904s ]
INFO: [ view_filter ] --START--
INFO: Run Behavior\WriteHtmlCacheBehavior [ RunTime:0.000352s ]
INFO: [ view_filter ] --END-- [ RunTime:0.000379s ]
INFO: [ app_end ] --START--
INFO: Run Behavior\ShowPageTraceBehavior [ RunTime:0.000573s ]
INFO: [ app_end ] --END-- [ RunTime:0.000606s ]

[ 2015-09-20T20:56:58+08:00 ] 127.0.0.1 /tp23/index.php/Admin/news/list1
INFO: [ app_init ] --START--
INFO: Run Behavior\BuildLiteBehavior [ RunTime:0.000012s ]
INFO: [ app_init ] --END-- [ RunTime:0.000362s ]
INFO: [ app_begin ] --START--
INFO: Run Behavior\ReadHtmlCacheBehavior [ RunTime:0.000594s ]
INFO: [ app_begin ] --END-- [ RunTime:0.000630s ]
SQL: SHOW COLUMNS FROM `news` [ RunTime:0.0032s ]
SQL: SELECT COUNT(*) AS tp_count FROM `news` a left join type b on a.c_id=b.c_id   WHERE ( status=1 ) LIMIT 1   [ RunTime:0.0006s ]
SQL: SELECT * FROM `news` a left join type b on a.c_id=b.c_id   WHERE ( status=1 ) LIMIT 0,4   [ RunTime:0.0005s ]
INFO: [ view_parse ] --START--
INFO: [ template_filter ] --START--
INFO: Run Behavior\ContentReplaceBehavior [ RunTime:0.000038s ]
INFO: [ template_filter ] --END-- [ RunTime:0.000079s ]
INFO: Run Behavior\ParseTemplateBehavior [ RunTime:0.006323s ]
INFO: [ view_parse ] --END-- [ RunTime:0.006386s ]
INFO: [ view_filter ] --START--
INFO: Run Behavior\WriteHtmlCacheBehavior [ RunTime:0.000765s ]
INFO: [ view_filter ] --END-- [ RunTime:0.000834s ]
INFO: [ app_end ] --START--
INFO: Run Behavior\ShowPageTraceBehavior [ RunTime:0.001283s ]
INFO: [ app_end ] --END-- [ RunTime:0.001340s ]

[ 2015-09-20T20:57:15+08:00 ] 127.0.0.1 /tp23/index.php/Admin/News/list1/p/2.html
INFO: [ app_init ] --START--
INFO: Run Behavior\BuildLiteBehavior [ RunTime:0.000018s ]
INFO: [ app_init ] --END-- [ RunTime:0.000670s ]
INFO: [ app_begin ] --START--
INFO: Run Behavior\ReadHtmlCacheBehavior [ RunTime:0.001100s ]
INFO: [ app_begin ] --END-- [ RunTime:0.001205s ]
SQL: SHOW COLUMNS FROM `news` [ RunTime:0.0040s ]
SQL: SELECT COUNT(*) AS tp_count FROM `news` a left join type b on a.c_id=b.c_id   WHERE ( status=1 ) LIMIT 1   [ RunTime:0.0003s ]
SQL: SELECT * FROM `news` a left join type b on a.c_id=b.c_id   WHERE ( status=1 ) LIMIT 4,4   [ RunTime:0.0005s ]
INFO: [ view_parse ] --START--
INFO: [ template_filter ] --START--
INFO: Run Behavior\ContentReplaceBehavior [ RunTime:0.000036s ]
INFO: [ template_filter ] --END-- [ RunTime:0.000076s ]
INFO: Run Behavior\ParseTemplateBehavior [ RunTime:0.005764s ]
INFO: [ view_parse ] --END-- [ RunTime:0.005824s ]
INFO: [ view_filter ] --START--
INFO: Run Behavior\WriteHtmlCacheBehavior [ RunTime:0.000345s ]
INFO: [ view_filter ] --END-- [ RunTime:0.000373s ]
INFO: [ app_end ] --START--
INFO: Run Behavior\ShowPageTraceBehavior [ RunTime:0.000919s ]
INFO: [ app_end ] --END-- [ RunTime:0.000997s ]

